<?xml version="1.0" encoding="UTF-8"?>
<testng-results ignored="0" total="1" passed="1" failed="0" skipped="0">
  <reporter-output>
  </reporter-output>
  <suite started-at="2024-07-16T16:41:34 AEST" name="Default suite" finished-at="2024-07-16T16:41:52 AEST" duration-ms="18121">
    <groups>
    </groups>
    <test started-at="2024-07-16T16:41:34 AEST" name="Default test" finished-at="2024-07-16T16:41:52 AEST" duration-ms="18121">
      <class name="PilotProject.BookAppointment">
        <test-method is-config="true" signature="init()[pri:0, instance:PilotProject.BookAppointment@6771beb3]" started-at="2024-07-16T16:41:34 AEST" name="init" finished-at="2024-07-16T16:41:36 AEST" duration-ms="1966" status="PASS">
          <reporter-output>
          </reporter-output>
        </test-method> <!-- init -->
        <test-method signature="bookAppointmentTest()[pri:0, instance:PilotProject.BookAppointment@6771beb3]" started-at="2024-07-16T16:41:36 AEST" name="bookAppointmentTest" finished-at="2024-07-16T16:41:52 AEST" duration-ms="15787" status="PASS">
          <reporter-output>
          </reporter-output>
        </test-method> <!-- bookAppointmentTest -->
        <test-method is-config="true" signature="finish()[pri:0, instance:PilotProject.BookAppointment@6771beb3]" started-at="2024-07-16T16:41:52 AEST" name="finish" finished-at="2024-07-16T16:41:52 AEST" duration-ms="281" status="PASS">
          <reporter-output>
          </reporter-output>
        </test-method> <!-- finish -->
      </class> <!-- PilotProject.BookAppointment -->
    </test> <!-- Default test -->
  </suite> <!-- Default suite -->
</testng-results>
